<?xml version="1.0" encoding="UTF-8"?>
<testsuite name="MaximumNumberTest" tests="3" skipped="0" failures="0" errors="0" timestamp="2019-11-28T12:13:37" hostname="admin1-desktop" time="0.001">
  <properties/>
  <testcase name="given3StringWillReturnGreaterStringAmong3" classname="MaximumNumberTest" time="0.001"/>
  <testcase name="given3FloatNumberWillReturnGreaterNumberAmong3" classname="MaximumNumberTest" time="0.0"/>
  <testcase name="given3NumberWillReturnGreaterNumberAmong3" classname="MaximumNumberTest" time="0.0"/>
  <system-out><![CDATA[]]></system-out>
  <system-err><![CDATA[]]></system-err>
</testsuite>
